Traceback (most recent call last):
  File "/opt/hostedtoolcache/Python/3.10.13/x64/lib/python3.10/site-packages/jupyter_cache/executors/utils.py", line 58, in single_nb_execution
    executenb(
  File "/opt/hostedtoolcache/Python/3.10.13/x64/lib/python3.10/site-packages/nbclient/client.py", line 1314, in execute
    return NotebookClient(nb=nb, resources=resources, km=km, **kwargs).execute()
  File "/opt/hostedtoolcache/Python/3.10.13/x64/lib/python3.10/site-packages/jupyter_core/utils/__init__.py", line 165, in wrapped
    return loop.run_until_complete(inner)
  File "/opt/hostedtoolcache/Python/3.10.13/x64/lib/python3.10/asyncio/base_events.py", line 649, in run_until_complete
    return future.result()
  File "/opt/hostedtoolcache/Python/3.10.13/x64/lib/python3.10/site-packages/nbclient/client.py", line 709, in async_execute
    await self.async_execute_cell(
  File "/opt/hostedtoolcache/Python/3.10.13/x64/lib/python3.10/site-packages/nbclient/client.py", line 1062, in async_execute_cell
    await self._check_raise_for_error(cell, cell_index, exec_reply)
  File "/opt/hostedtoolcache/Python/3.10.13/x64/lib/python3.10/site-packages/nbclient/client.py", line 918, in _check_raise_for_error
    raise CellExecutionError.from_cell_and_msg(cell, exec_reply_content)
nbclient.exceptions.CellExecutionError: An error occurred while executing the following cell:
------------------
from pathlib import Path

import torch
from ase.calculators.eam import EAM
from ase.build import bulk

import nfflr
from nfflr.data import graph
from nfflr.models.classical.eam import TorchEAM

torch.set_default_dtype(torch.float64)
------------------


[0;31m---------------------------------------------------------------------------[0m
[0;31mModuleNotFoundError[0m                       Traceback (most recent call last)
Cell [0;32mIn[2], line 9[0m
[1;32m      7[0m [38;5;28;01mimport[39;00m [38;5;21;01mnfflr[39;00m
[1;32m      8[0m [38;5;28;01mfrom[39;00m [38;5;21;01mnfflr[39;00m[38;5;21;01m.[39;00m[38;5;21;01mdata[39;00m [38;5;28;01mimport[39;00m graph
[0;32m----> 9[0m [38;5;28;01mfrom[39;00m [38;5;21;01mnfflr[39;00m[38;5;21;01m.[39;00m[38;5;21;01mmodels[39;00m[38;5;21;01m.[39;00m[38;5;21;01mclassical[39;00m[38;5;21;01m.[39;00m[38;5;21;01meam[39;00m [38;5;28;01mimport[39;00m TorchEAM
[1;32m     11[0m torch[38;5;241m.[39mset_default_dtype(torch[38;5;241m.[39mfloat64)

File [0;32m~/work/nfflr/nfflr/nfflr/models/classical/eam.py:12[0m
[1;32m      9[0m [38;5;28;01mimport[39;00m [38;5;21;01mtorch[39;00m
[1;32m     10[0m [38;5;28;01mfrom[39;00m [38;5;21;01mtorch[39;00m [38;5;28;01mimport[39;00m nn
[0;32m---> 12[0m [38;5;28;01mfrom[39;00m [38;5;21;01mtorchcubicspline[39;00m [38;5;28;01mimport[39;00m natural_cubic_spline_coeffs, NaturalCubicSpline
[1;32m     14[0m [38;5;28;01mimport[39;00m [38;5;21;01mnfflr[39;00m
[1;32m     17[0m [38;5;129m@dataclass[39m
[1;32m     18[0m [38;5;28;01mclass[39;00m [38;5;21;01mEAMData[39;00m:

[0;31mModuleNotFoundError[0m: No module named 'torchcubicspline'

